app/build/intermediates/manifest_merge_blame_file/debug/manifest-merger-blame-debug-report.txt
1<?xml version="1.0" encoding="utf-8"?>
2<manifest xmlns:android="http://schemas.android.com/apk/res/android"
3    package="com.example.quiz"
4    android:versionCode="1"
5    android:versionName="1.0" >
6
7    <uses-sdk
8        android:minSdkVersion="23"
8-->src\main\AndroidManifest.xml
9        android:targetSdkVersion="29" />
9-->src\main\AndroidManifest.xml
10
11    <uses-permission android:name="android.permission.ACCESS_FINE_LOCATION" />
11-->src\main\AndroidManifest.xml:5:5-79
11-->src\main\AndroidManifest.xml:5:22-76
12
13    <application
13-->src\main\AndroidManifest.xml:7:5-47:19
14        android:allowBackup="true"
14-->src\main\AndroidManifest.xml:8:9-35
15        android:appComponentFactory="androidx.core.app.CoreComponentFactory"
15-->[androidx.core:core:1.5.0] AndroidManifest.xml:24:18-86
16        android:debuggable="true"
17        android:extractNativeLibs="false"
18        android:icon="@drawable/logo"
18-->src\main\AndroidManifest.xml:9:9-38
19        android:label="@string/app_name"
19-->src\main\AndroidManifest.xml:10:9-41
20        android:roundIcon="@drawable/logo"
20-->src\main\AndroidManifest.xml:11:9-43
21        android:supportsRtl="true"
21-->src\main\AndroidManifest.xml:12:9-35
22        android:theme="@style/AppTheme" >
22-->src\main\AndroidManifest.xml:13:9-40
23
24        <!-- <activity -->
25        <!-- android:name=".BasicDetailActivity" -->
26        <!-- android:configChanges="orientation|keyboardHidden|screenSize" -->
27        <!-- android:exported="false" -->
28        <!-- android:label="@string/title_activity_basic_detail" -->
29        <!-- android:theme="@style/AppTheme.Fullscreen" /> -->
30        <activity
30-->src\main\AndroidManifest.xml:20:9-22:50
31            android:name="com.example.quiz.WrongAnswerBuzz"
31-->src\main\AndroidManifest.xml:21:13-44
32            android:screenOrientation="locked" />
32-->src\main\AndroidManifest.xml:22:13-47
33        <activity
33-->src\main\AndroidManifest.xml:23:9-25:50
34            android:name="com.example.quiz.Result"
34-->src\main\AndroidManifest.xml:24:13-35
35            android:screenOrientation="locked" />
35-->src\main\AndroidManifest.xml:25:13-47
36        <activity
36-->src\main\AndroidManifest.xml:26:9-28:50
37            android:name="com.example.quiz.RightAnswerBuzz"
37-->src\main\AndroidManifest.xml:27:13-44
38            android:screenOrientation="locked" />
38-->src\main\AndroidManifest.xml:28:13-47
39        <activity
39-->src\main\AndroidManifest.xml:29:9-31:50
40            android:name="com.example.quiz.AddingQuestions"
40-->src\main\AndroidManifest.xml:30:13-44
41            android:screenOrientation="locked" />
41-->src\main\AndroidManifest.xml:31:13-47
42        <activity
42-->src\main\AndroidManifest.xml:32:9-34:50
43            android:name="com.example.quiz.LocationActivity"
43-->src\main\AndroidManifest.xml:33:13-45
44            android:screenOrientation="locked" />
44-->src\main\AndroidManifest.xml:34:13-47
45        <!-- <activity -->
46        <!-- android:name=".StartActivity" -->
47        <!-- android:screenOrientation="locked" /> -->
48        <activity
48-->src\main\AndroidManifest.xml:38:9-46:20
49            android:name="com.example.quiz.StartActivity"
49-->src\main\AndroidManifest.xml:39:13-42
50            android:screenOrientation="locked" >
50-->src\main\AndroidManifest.xml:40:13-47
51            <intent-filter>
51-->src\main\AndroidManifest.xml:41:13-45:29
52                <action android:name="android.intent.action.MAIN" />
52-->src\main\AndroidManifest.xml:42:17-69
52-->src\main\AndroidManifest.xml:42:25-66
53
54                <category android:name="android.intent.category.LAUNCHER" />
54-->src\main\AndroidManifest.xml:44:17-77
54-->src\main\AndroidManifest.xml:44:27-74
55            </intent-filter>
56        </activity>
57    </application>
58
59</manifest>